[    0.000000] Initializing cgroup subsys cpuset
[    0.000000] Initializing cgroup subsys cpu
[    0.000000] Initializing cgroup subsys cpuacct
[    0.000000] Linux version 4.4.0-210-generic (buildd@lgw01-amd64-009) (gcc version 5.4.0 20160609 (Ubuntu 5.4.0-6ubuntu1~16.04.12) ) #242-Ubuntu SMP Fri Apr 16 09:57:56 UTC 2021 (Ubuntu 4.4.0-210.242-generic 4.4.262)
[    0.000000] Command line: BOOT_IMAGE=/boot/vmlinuz-4.4.0-210-generic root=LABEL=cloudimg-rootfs ro console=tty1 console=ttyS0
[    0.000000] KERNEL supported cpus:
[    0.000000]   Intel GenuineIntel
[    0.000000]   AMD AuthenticAMD
[    0.000000]   Centaur CentaurHauls
[    0.000000] x86/fpu: xstate_offset[2]:  576, xstate_sizes[2]:  256
[    0.000000] x86/fpu: Supporting XSAVE feature 0x01: 'x87 floating point registers'
[    0.000000] x86/fpu: Supporting XSAVE feature 0x02: 'SSE registers'
[    0.000000] x86/fpu: Supporting XSAVE feature 0x04: 'AVX registers'
[    0.000000] x86/fpu: Enabled xstate features 0x7, context size is 832 bytes, using 'standard' format.
[    0.000000] e820: BIOS-provided physical RAM map:
[    0.000000] BIOS-e820: [mem 0x0000000000000000-0x000000000009fbff] usable
[    0.000000] BIOS-e820: [mem 0x000000000009fc00-0x000000000009ffff] reserved
[    0.000000] BIOS-e820: [mem 0x00000000000f0000-0x00000000000fffff] reserved
[    0.000000] BIOS-e820: [mem 0x0000000000100000-0x000000003ffeffff] usable
[    0.000000] BIOS-e820: [mem 0x000000003fff0000-0x000000003fffffff] ACPI data
[    0.000000] BIOS-e820: [mem 0x00000000fec00000-0x00000000fec00fff] reserved
[    0.000000] BIOS-e820: [mem 0x00000000fee00000-0x00000000fee00fff] reserved
[    0.000000] BIOS-e820: [mem 0x00000000fffc0000-0x00000000ffffffff] reserved
[    0.000000] NX (Execute Disable) protection: active
[    0.000000] SMBIOS 2.5 present.
[    0.000000] Hypervisor detected: KVM
[    0.000000] e820: last_pfn = 0x3fff0 max_arch_pfn = 0x400000000
[    0.000000] MTRR: Disabled
[    0.000000] x86/PAT: MTRRs disabled, skipping PAT initialization too.
[    0.000000] CPU MTRRs all blank - virtualized system.
[    0.000000] x86/PAT: Configuration [0-7]: WB  WT  UC- UC  WB  WT  UC- UC  
[    0.000000] found SMP MP-table at [mem 0x0009fff0-0x0009ffff] mapped at [ffff88000009fff0]
[    0.000000] Scanning 1 areas for low memory corruption
[    0.000000] RAMDISK: [mem 0x362dc000-0x37165fff]
[    0.000000] ACPI: Early table checksum verification disabled
[    0.000000] ACPI: RSDP 0x00000000000E0000 000024 (v02 VBOX  )
[    0.000000] ACPI: XSDT 0x000000003FFF0030 00003C (v01 VBOX   VBOXXSDT 00000001 ASL  00000061)
[    0.000000] ACPI: FACP 0x000000003FFF00F0 0000F4 (v04 VBOX   VBOXFACP 00000001 ASL  00000061)
[    0.000000] ACPI: DSDT 0x000000003FFF0470 002325 (v02 VBOX   VBOXBIOS 00000002 INTL 20120111)
[    0.000000] ACPI: FACS 0x000000003FFF0200 000040
[    0.000000] ACPI: FACS 0x000000003FFF0200 000040
[    0.000000] ACPI: APIC 0x000000003FFF0240 00005C (v02 VBOX   VBOXAPIC 00000001 ASL  00000061)
[    0.000000] ACPI: SSDT 0x000000003FFF02A0 0001CC (v01 VBOX   VBOXCPUT 00000002 INTL 20120111)
[    0.000000] No NUMA configuration found
[    0.000000] Faking a node at [mem 0x0000000000000000-0x000000003ffeffff]
[    0.000000] NODE_DATA(0) allocated [mem 0x3ffeb000-0x3ffeffff]
[    0.000000] kvm-clock: Using msrs 4b564d01 and 4b564d00
[    0.000000] kvm-clock: cpu 0, msr 0:3ffe3001, primary cpu clock
[    0.000000] kvm-clock: using sched offset of 34670446012 cycles
[    0.000000] clocksource: kvm-clock: mask: 0xffffffffffffffff max_cycles: 0x1cd42e4dffb, max_idle_ns: 881590591483 ns
[    0.000000] Zone ranges:
[    0.000000]   DMA      [mem 0x0000000000001000-0x0000000000ffffff]
[    0.000000]   DMA32    [mem 0x0000000001000000-0x000000003ffeffff]
[    0.000000]   Normal   empty
[    0.000000]   Device   empty
[    0.000000] Movable zone start for each node
[    0.000000] Early memory node ranges
[    0.000000]   node   0: [mem 0x0000000000001000-0x000000000009efff]
[    0.000000]   node   0: [mem 0x0000000000100000-0x000000003ffeffff]
[    0.000000] Initmem setup node 0 [mem 0x0000000000001000-0x000000003ffeffff]
[    0.000000] ACPI: PM-Timer IO Port: 0x4008
[    0.000000] IOAPIC[0]: apic_id 2, version 32, address 0xfec00000, GSI 0-23
[    0.000000] ACPI: INT_SRC_OVR (bus 0 bus_irq 0 global_irq 2 dfl dfl)
[    0.000000] ACPI: INT_SRC_OVR (bus 0 bus_irq 9 global_irq 9 low level)
[    0.000000] Using ACPI (MADT) for SMP configuration information
[    0.000000] smpboot: Allowing 2 CPUs, 0 hotplug CPUs
[    0.000000] PM: Registered nosave memory: [mem 0x00000000-0x00000fff]
[    0.000000] PM: Registered nosave memory: [mem 0x0009f000-0x0009ffff]
[    0.000000] PM: Registered nosave memory: [mem 0x000a0000-0x000effff]
[    0.000000] PM: Registered nosave memory: [mem 0x000f0000-0x000fffff]
[    0.000000] e820: [mem 0x40000000-0xfebfffff] available for PCI devices
[    0.000000] Booting paravirtualized kernel on KVM
[    0.000000] clocksource: refined-jiffies: mask: 0xffffffff max_cycles: 0xffffffff, max_idle_ns: 7645519600211568 ns
[    0.000000] setup_percpu: NR_CPUS:512 nr_cpumask_bits:512 nr_cpu_ids:2 nr_node_ids:1
[    0.000000] PERCPU: Embedded 33 pages/cpu @ffff88003fc00000 s95192 r8192 d31784 u1048576
[    0.000000] Built 1 zonelists in Node order, mobility grouping on.  Total pages: 257912
[    0.000000] Policy zone: DMA32
[    0.000000] Kernel command line: BOOT_IMAGE=/boot/vmlinuz-4.4.0-210-generic root=LABEL=cloudimg-rootfs ro console=tty1 console=ttyS0
[    0.000000] PID hash table entries: 4096 (order: 3, 32768 bytes)
[    0.000000] Memory: 997792K/1048120K available (8644K kernel code, 1332K rwdata, 4044K rodata, 1492K init, 1164K bss, 50328K reserved, 0K cma-reserved)
[    0.000000] SLUB: HWalign=64, Order=0-3, MinObjects=0, CPUs=2, Nodes=1
[    0.000000] Kernel/User page tables isolation: enabled
[    0.000000] Hierarchical RCU implementation.
[    0.000000] 	Build-time adjustment of leaf fanout to 64.
[    0.000000] 	RCU restricting CPUs from NR_CPUS=512 to nr_cpu_ids=2.
[    0.000000] RCU: Adjusting geometry for rcu_fanout_leaf=64, nr_cpu_ids=2
[    0.000000] NR_IRQS:33024 nr_irqs:440 16
[    0.000000] Console: colour VGA+ 80x25
[    0.000000] console [tty1] enabled
[    0.000000] console [ttyS0] enabled
[    0.000000] tsc: Detected 2494.316 MHz processor
[    0.349690] Calibrating delay loop (skipped) preset value.. 4988.63 BogoMIPS (lpj=9977264)
[    0.356632] pid_max: default: 32768 minimum: 301
[    0.359075] ACPI: Core revision 20150930
[    0.363123] ACPI: 2 ACPI AML tables successfully acquired and loaded
[    0.366070] Security Framework initialized
[    0.368969] Yama: becoming mindful.
[    0.371320] AppArmor: AppArmor initialized
[    0.373045] Dentry cache hash table entries: 131072 (order: 8, 1048576 bytes)
[    0.379345] Inode-cache hash table entries: 65536 (order: 7, 524288 bytes)
[    0.382756] Mount-cache hash table entries: 2048 (order: 2, 16384 bytes)
[    0.395226] Mountpoint-cache hash table entries: 2048 (order: 2, 16384 bytes)
[    0.397955] Initializing cgroup subsys io
[    0.399528] Initializing cgroup subsys memory
[    0.406110] Initializing cgroup subsys devices
[    0.407730] Initializing cgroup subsys freezer
[    0.410896] Initializing cgroup subsys net_cls
[    0.412753] Initializing cgroup subsys perf_event
[    0.414451] Initializing cgroup subsys net_prio
[    0.419069] Initializing cgroup subsys hugetlb
[    0.423522] Initializing cgroup subsys pids
[    0.428907] mce: CPU supports 0 MCE banks
[    0.430583] Last level iTLB entries: 4KB 512, 2MB 8, 4MB 8
[    0.436545] Last level dTLB entries: 4KB 512, 2MB 32, 4MB 32, 1GB 0
[    0.438918] Spectre V1 : Mitigation: usercopy/swapgs barriers and __user pointer sanitization
[    0.443946] Spectre V2 : Mitigation: Full generic retpoline
[    0.445912] Spectre V2 : Spectre v2 / SpectreRSB mitigation: Filling RSB on context switch
[    0.450376] Speculative Store Bypass: Vulnerable
[    0.452654] SRBDS: Unknown: Dependent on hypervisor status
[    0.455444] MDS: Mitigation: Clear CPU buffers
[    0.462904] Freeing SMP alternatives memory: 36K
[    0.476563] ftrace: allocating 32380 entries in 127 pages
[    0.615460] smpboot: APIC(0) Converting physical 0 to logical package 0
[    0.625019] smpboot: Max logical packages: 1
[    0.627856] x2apic enabled
[    0.629279] Switched APIC routing to physical x2apic.
[    0.633421] ..TIMER: vector=0x30 apic1=0 pin1=2 apic2=-1 pin2=-1
[    0.747846] smpboot: CPU0: Intel(R) Core(TM) i5-3210M CPU @ 2.50GHz (family: 0x6, model: 0x3a, stepping: 0x9)
[    0.758612] Performance Events: unsupported p6 CPU model 58 no PMU driver, software events only.
[    0.842841] KVM setup paravirtual spinlock
[    0.861130] x86: Booting SMP configuration:
[    0.869384] .... node  #0, CPUs:      #1
[    0.876934] kvm-clock: cpu 1, msr 0:3ffe3041, secondary cpu clock
[    0.882911] mce: CPU supports 0 MCE banks
[    0.888830] x86: Booted up 1 node, 2 CPUs
[    0.892412] smpboot: Total of 2 processors activated (9977.26 BogoMIPS)
[    0.896287] devtmpfs: initialized
[    0.907458] evm: security.selinux
[    0.909109] evm: security.SMACK64
[    0.910751] evm: security.SMACK64EXEC
[    0.912151] evm: security.SMACK64TRANSMUTE
[    0.915523] evm: security.SMACK64MMAP
[    0.919014] evm: security.ima
[    0.920446] evm: security.capability
[    0.923925] clocksource: jiffies: mask: 0xffffffff max_cycles: 0xffffffff, max_idle_ns: 7645041785100000 ns
[    0.928520] futex hash table entries: 512 (order: 3, 32768 bytes)
[    0.932340] pinctrl core: initialized pinctrl subsystem
[    0.936930] RTC time: 11:56:04, date: 03/12/22
[    0.940203] NET: Registered protocol family 16
[    0.952207] cpuidle: using governor ladder
[    0.964873] cpuidle: using governor menu
[    0.968565] PCCT header not found.
[    0.971781] ACPI: bus type PCI registered
[    0.973640] acpiphp: ACPI Hot Plug PCI Controller Driver version: 0.5
[    0.976954] PCI: Using configuration type 1 for base access
[    0.994522] ACPI: Added _OSI(Module Device)
[    0.996204] ACPI: Added _OSI(Processor Device)
[    0.998212] ACPI: Added _OSI(3.0 _SCP Extensions)
[    1.008134] ACPI: Added _OSI(Processor Aggregator Device)
[    1.013130] ACPI: Executed 1 blocks of module-level executable AML code
[    1.022593] ACPI: Interpreter enabled
[    1.024129] ACPI: (supports S0 S5)
[    1.026743] ACPI: Using IOAPIC for interrupt routing
[    1.028829] PCI: Using host bridge windows from ACPI; if necessary, use "pci=nocrs" and report a bug
[    1.042982] ACPI: PCI Root Bridge [PCI0] (domain 0000 [bus 00-ff])
[    1.045990] acpi PNP0A03:00: _OSC: OS supports [ASPM ClockPM Segments MSI]
[    1.053384] acpi PNP0A03:00: _OSC: not requesting OS control; OS requires [ExtendedConfig ASPM ClockPM MSI]
[    1.057790] acpi PNP0A03:00: fail to add MMCONFIG information, can't access extended PCI configuration space under this bridge.
[    1.062908] PCI host bridge to bus 0000:00
[    1.064622] pci_bus 0000:00: root bus resource [io  0x0000-0x0cf7 window]
[    1.073218] pci_bus 0000:00: root bus resource [io  0x0d00-0xffff window]
[    1.076142] pci_bus 0000:00: root bus resource [mem 0x000a0000-0x000bffff window]
[    1.079439] pci_bus 0000:00: root bus resource [mem 0x40000000-0xfdffffff window]
[    1.087298] pci_bus 0000:00: root bus resource [bus 00-ff]
[    1.094948] pci 0000:00:01.1: legacy IDE quirk: reg 0x10: [io  0x01f0-0x01f7]
[    1.102616] pci 0000:00:01.1: legacy IDE quirk: reg 0x14: [io  0x03f6]
[    1.105451] pci 0000:00:01.1: legacy IDE quirk: reg 0x18: [io  0x0170-0x0177]
[    1.124167] pci 0000:00:01.1: legacy IDE quirk: reg 0x1c: [io  0x0376]
[    1.170168] pci 0000:00:07.0: quirk: [io  0x4000-0x403f] claimed by PIIX4 ACPI
[    1.173016] pci 0000:00:07.0: quirk: [io  0x4100-0x410f] claimed by PIIX4 SMB
[    1.202052] ACPI: PCI Interrupt Link [LNKA] (IRQs 5 9 10 *11)
[    1.204995] ACPI: PCI Interrupt Link [LNKB] (IRQs 5 9 *10 11)
[    1.207699] ACPI: PCI Interrupt Link [LNKC] (IRQs 5 *9 10 11)
[    1.212913] ACPI: PCI Interrupt Link [LNKD] (IRQs 5 9 10 *11)
[    1.217811] ACPI: Enabled 2 GPEs in block 00 to 07
[    1.220152] vgaarb: setting as boot device: PCI:0000:00:02.0
[    1.222372] vgaarb: device added: PCI:0000:00:02.0,decodes=io+mem,owns=io+mem,locks=none
[    1.225727] vgaarb: loaded
[    1.227506] vgaarb: bridge control possible 0000:00:02.0
[    1.229917] SCSI subsystem initialized
[    1.233192] ACPI: bus type USB registered
[    1.236939] usbcore: registered new interface driver usbfs
[    1.239036] usbcore: registered new interface driver hub
[    1.241208] usbcore: registered new device driver usb
[    1.245654] PCI: Using ACPI for IRQ routing
[    1.250029] NetLabel: Initializing
[    1.252330] NetLabel:  domain hash size = 128
[    1.254757] NetLabel:  protocols = UNLABELED CIPSOv4
[    1.258749] NetLabel:  unlabeled traffic allowed by default
[    1.261217] amd_nb: Cannot enumerate AMD northbridges
[    1.263230] clocksource: Switched to clocksource kvm-clock
[    1.280024] AppArmor: AppArmor Filesystem Enabled
[    1.284833] pnp: PnP ACPI init
[    1.287706] pnp: PnP ACPI: found 3 devices
[    1.302117] clocksource: acpi_pm: mask: 0xffffff max_cycles: 0xffffff, max_idle_ns: 2085701024 ns
[    1.308114] NET: Registered protocol family 2
[    1.310673] TCP established hash table entries: 8192 (order: 4, 65536 bytes)
[    1.314590] TCP bind hash table entries: 8192 (order: 5, 131072 bytes)
[    1.319666] TCP: Hash tables configured (established 8192 bind 8192)
[    1.323617] UDP hash table entries: 512 (order: 2, 16384 bytes)
[    1.326562] UDP-Lite hash table entries: 512 (order: 2, 16384 bytes)
[    1.330848] NET: Registered protocol family 1
[    1.334528] pci 0000:00:00.0: Limiting direct PCI/PCI transfers
[    1.337289] pci 0000:00:01.0: Activating ISA DMA hang workarounds
[    1.340562] Unpacking initramfs...
[    1.625223] Freeing initrd memory: 14888K
[    1.626934] RAPL PMU detected, API unit is 2^-32 Joules, 3 fixed counters 10737418240 ms ovfl timer
[    1.632041] hw unit of domain pp0-core 2^-0 Joules
[    1.634559] hw unit of domain package 2^-0 Joules
[    1.636586] hw unit of domain pp1-gpu 2^-0 Joules
[    1.638332] clocksource: tsc: mask: 0xffffffffffffffff max_cycles: 0x23f4406cc0d, max_idle_ns: 440795293671 ns
[    1.642163] platform rtc_cmos: registered platform RTC device (no PNP device found)
[    1.645364] Scanning for low memory corruption every 60 seconds
[    1.648980] audit: initializing netlink subsys (disabled)
[    1.651080] audit: type=2000 audit(1647086200.975:1): initialized
[    1.654335] Initialise system trusted keyring
[    1.656659] HugeTLB registered 2 MB page size, pre-allocated 0 pages
[    1.660509] zbud: loaded
[    1.662295] VFS: Disk quotas dquot_6.6.0
[    1.664198] VFS: Dquot-cache hash table entries: 512 (order 0, 4096 bytes)
[    1.668381] squashfs: version 4.0 (2009/01/31) Phillip Lougher
[    1.672152] fuse init (API version 7.23)
[    1.674360] Key type big_key registered
[    1.676512] Allocating IMA MOK and blacklist keyrings.
[    1.680524] Key type asymmetric registered
[    1.682138] Asymmetric key parser 'x509' registered
[    1.684093] Block layer SCSI generic (bsg) driver version 0.4 loaded (major 249)
[    1.686941] io scheduler noop registered
[    1.689045] io scheduler deadline registered (default)
[    1.692202] io scheduler cfq registered
[    1.694249] pci_hotplug: PCI Hot Plug PCI Core version: 0.5
[    1.696712] pciehp: PCI Express Hot Plug Controller Driver version: 0.4
[    1.699628] ACPI: AC Adapter [AC] (on-line)
[    1.701800] input: Power Button as /devices/LNXSYSTM:00/LNXPWRBN:00/input/input0
[    1.705164] ACPI: Power Button [PWRF]
[    1.706723] input: Sleep Button as /devices/LNXSYSTM:00/LNXSLPBN:00/input/input1
[    1.710155] ACPI: Sleep Button [SLPF]
[    1.714486] ACPI: Battery Slot [BAT0] (battery present)
[    1.717583] GHES: HEST is not enabled!
[    1.719678] Serial: 8250/16550 driver, 32 ports, IRQ sharing enabled
[    1.746008] 00:02: ttyS0 at I/O 0x3f8 (irq = 4, base_baud = 115200) is a 16550A
[    1.750886] Linux agpgart interface v0.103
[    1.754757] loop: module loaded
[    1.756869] scsi host0: ata_piix
[    1.758460] scsi host1: ata_piix
[    1.760038] ata1: PATA max UDMA/33 cmd 0x1f0 ctl 0x3f6 bmdma 0xd000 irq 14
[    1.762474] ata2: PATA max UDMA/33 cmd 0x170 ctl 0x376 bmdma 0xd008 irq 15
[    1.765518] libphy: Fixed MDIO Bus: probed
[    1.767370] tun: Universal TUN/TAP device driver, 1.6
[    1.769516] tun: (C) 1999-2004 Max Krasnyansky <maxk@qualcomm.com>
[    1.772316] PPP generic driver version 2.4.2
[    1.774216] ehci_hcd: USB 2.0 'Enhanced' Host Controller (EHCI) Driver
[    1.776983] ehci-pci: EHCI PCI platform driver
[    1.778915] ehci-platform: EHCI generic platform driver
[    1.781673] ohci_hcd: USB 1.1 'Open' Host Controller (OHCI) Driver
[    1.784132] ohci-pci: OHCI PCI platform driver
[    1.785799] ohci-platform: OHCI generic platform driver
[    1.787944] uhci_hcd: USB Universal Host Controller Interface driver
[    1.790586] i8042: PNP: PS/2 Controller [PNP0303:PS2K,PNP0f03:PS2M] at 0x60,0x64 irq 1,12
[    1.794789] serio: i8042 KBD port at 0x60,0x64 irq 1
[    1.796843] serio: i8042 AUX port at 0x60,0x64 irq 12
[    1.798877] mousedev: PS/2 mouse device common for all mice
[    1.801948] input: AT Translated Set 2 keyboard as /devices/platform/i8042/serio0/input/input2
[    1.805436] rtc_cmos rtc_cmos: rtc core: registered rtc_cmos as rtc0
[    1.807843] rtc_cmos rtc_cmos: alarms up to one day, 114 bytes nvram
[    1.810098] i2c /dev entries driver
[    1.811503] device-mapper: uevent: version 1.0.3
[    1.813765] device-mapper: ioctl: 4.34.0-ioctl (2015-10-28) initialised: dm-devel@redhat.com
[    1.817039] ledtrig-cpu: registered to indicate activity on CPUs
[    1.820056] NET: Registered protocol family 10
[    1.822247] NET: Registered protocol family 17
[    1.824148] Key type dns_resolver registered
[    1.826305] registered taskstats version 1
[    1.828050] Loading compiled-in X.509 certificates
[    1.830616] Loaded X.509 cert 'Build time autogenerated kernel key: cf00e047681d67edb2720680708b7d9498083038'
[    1.835508] zswap: loaded using pool lzo/zbud
[    1.854084] Key type trusted registered
[    1.860900] Key type encrypted registered
[    1.863069] AppArmor: AppArmor sha1 policy hashing enabled
[    1.865444] ima: No TPM chip found, activating TPM-bypass!
[    1.867395] ima: Allocated hash algorithm: sha1
[    1.869703] evm: HMAC attrs: 0x1
[    1.871618]   Magic number: 14:937:933
[    1.873311] rtc_cmos rtc_cmos: setting system clock to 2022-03-12 11:56:05 UTC (1647086165)
[    1.877344] BIOS EDD facility v0.16 2004-Jun-25, 0 devices found
[    1.879746] EDD information not available.
[    1.949807] Freeing unused kernel memory: 1492K
[    1.951744] Write protecting the kernel read-only data: 14336k
[    1.954515] Freeing unused kernel memory: 1584K
[    1.956677] Freeing unused kernel memory: 52K
Loading, please wait...
starting version 229
[    1.989447] random: systemd-udevd: uninitialized urandom read (16 bytes read, 3 bits of entropy available)
[    1.990595] random: udevadm: uninitialized urandom read (16 bytes read, 3 bits of entropy available)
[    1.990634] random: udevadm: uninitialized urandom read (16 bytes read, 3 bits of entropy available)
[    2.013571] random: udevadm: uninitialized urandom read (16 bytes read, 3 bits of entropy available)
[    2.013674] random: udevadm: uninitialized urandom read (16 bytes read, 3 bits of entropy available)
[    2.014106] random: udevadm: uninitialized urandom read (16 bytes read, 3 bits of entropy available)
[    2.014239] random: udevadm: uninitialized urandom read (16 bytes read, 3 bits of entropy available)
[    2.014369] random: udevadm: uninitialized urandom read (16 bytes read, 3 bits of entropy available)
[    2.014575] random: udevadm: uninitialized urandom read (16 bytes read, 3 bits of entropy available)
[    2.014782] random: udevadm: uninitialized urandom read (16 bytes read, 3 bits of entropy available)
[    2.232990] Fusion MPT base driver 3.04.20
[    2.235464] Copyright (c) 1999-2008 LSI Corporation
[    2.240658] e1000: Intel(R) PRO/1000 Network Driver - version 7.3.21-k8-NAPI
[    2.244649] e1000: Copyright (c) 1999-2006 Intel Corporation.
[    2.258996] Fusion MPT SPI Host driver 3.04.20
[    2.304444] AVX version of gcm_enc/dec engaged.
[    2.308817] AES CTR mode by8 optimization enabled
[    2.491604] input: ImExPS/2 Generic Explorer Mouse as /devices/platform/i8042/serio1/input/input4
[    2.741651] e1000 0000:00:03.0 eth0: (PCI:33MHz:32-bit) 02:be:82:6b:cc:1d
[    2.744157] e1000 0000:00:03.0 eth0: Intel(R) PRO/1000 Network Connection
[    2.748460] mptbase: ioc0: Initiating bringup
[    3.641212] ioc0: LSI53C1030 A0: Capabilities={Initiator}
[    6.642985] scsi host2: ioc0: LSI53C1030 A0, FwRev=00000000h, Ports=1, MaxQ=256, IRQ=20
[    8.641287] scsi 2:0:0:0: Direct-Access     VBOX     HARDDISK         1.0  PQ: 0 ANSI: 5
[    8.652084] scsi target2:0:0: Beginning Domain Validation
[    8.659634] scsi target2:0:0: Domain Validation skipping write tests
[    8.663207] scsi target2:0:0: Ending Domain Validation
[    8.666142] scsi target2:0:0: asynchronous
[    8.671291] scsi 2:0:1:0: Direct-Access     VBOX     HARDDISK         1.0  PQ: 0 ANSI: 5
[    8.713403] scsi target2:0:1: Beginning Domain Validation
[    8.729935] scsi target2:0:1: Domain Validation skipping write tests
[    8.733924] scsi target2:0:1: Ending Domain Validation
[    8.742087] scsi target2:0:1: asynchronous
[    8.776285] sd 2:0:0:0: Attached scsi generic sg0 type 0
[    8.779781] sd 2:0:0:0: [sda] 83886080 512-byte logical blocks: (42.9 GB/40.0 GiB)
[    8.786847] sd 2:0:1:0: Attached scsi generic sg1 type 0
[    8.791733] sd 2:0:1:0: [sdb] 20480 512-byte logical blocks: (10.5 MB/10.0 MiB)
[    8.792093] sd 2:0:1:0: [sdb] Write Protect is off
[    8.792317] sd 2:0:1:0: [sdb] Incomplete mode parameter data
[    8.792319] sd 2:0:1:0: [sdb] Assuming drive cache: write through
[    8.815621] sd 2:0:0:0: [sda] Write Protect is off
[    8.819825] sd 2:0:0:0: [sda] Incomplete mode parameter data
[    8.824767] sd 2:0:0:0: [sda] Assuming drive cache: write through
[    8.834220] sd 2:0:1:0: [sdb] Attached SCSI disk
[    8.838192]  sda: sda1
[    8.842104] sd 2:0:0:0: [sda] Attached SCSI disk
[    9.676678] e1000 0000:00:08.0 eth1: (PCI:33MHz:32-bit) 08:00:27:28:a3:c0
[    9.687146] e1000 0000:00:08.0 eth1: Intel(R) PRO/1000 Network Connection
[    9.696104] e1000 0000:00:03.0 enp0s3: renamed from eth0
[    9.711896] e1000 0000:00:08.0 enp0s8: renamed from eth1
Begin: Loading essential drivers ... [   11.370990] md: linear personality registered for level -1
[   11.378596] md: multipath personality registered for level -4
[   11.385126] md: raid0 personality registered for level 0
[   11.392767] md: raid1 personality registered for level 1
[   11.467440] raid6: sse2x1   gen()  7615 MB/s
[   11.535395] raid6: sse2x1   xor()  6075 MB/s
[   11.603740] raid6: sse2x2   gen()  9636 MB/s
[   11.671408] raid6: sse2x2   xor()  6763 MB/s
[   11.739378] raid6: sse2x4   gen() 10929 MB/s
[   11.807382] raid6: sse2x4   xor()  7708 MB/s
[   11.809034] raid6: using algorithm sse2x4 gen() 10929 MB/s
[   11.811091] raid6: .... xor() 7708 MB/s, rmw enabled
[   11.813224] raid6: using ssse3x2 recovery algorithm
[   11.817238] xor: automatically using best checksumming function:
[   11.855293]    avx       : 18819.000 MB/sec
[   11.859141] async_tx: api initialized (async)
[   11.873008] md: raid6 personality registered for level 6
[   11.875569] md: raid5 personality registered for level 5
[   11.877698] md: raid4 personality registered for level 4
[   11.888113] md: raid10 personality registered for level 10
done.
Begin: Running /scripts/init-premount ... done.
Begin: Mounting root file system ... Begin: Running /scripts/local-top ... done.
Begin: Running /scripts/local-premount ... [   11.931944] Btrfs loaded
Scanning for Btrfs filesystems
done.
Warning: fsck not present, so skipping root file system
[   12.843325] EXT4-fs (sda1): mounted filesystem with ordered data mode. Opts: (null)
done.
Begin: Running /scripts/local-bottom ... done.
Begin: Running /scripts/init-bottom ... [   13.678839] random: nonblocking pool is initialized
done.
[   17.761619] systemd[1]: systemd 229 running in system mode. (+PAM +AUDIT +SELINUX +IMA +APPARMOR +SMACK +SYSVINIT +UTMP +LIBCRYPTSETUP +GCRYPT +GNUTLS +ACL +XZ -LZ4 +SECCOMP +BLKID +ELFUTILS +KMOD -IDN)
[   17.769051] systemd[1]: Detected virtualization oracle.
[   17.771757] systemd[1]: Detected architecture x86-64.

Welcome to [1mUbuntu 16.04.7 LTS[0m!

[   17.803452] systemd[1]: Set hostname to <ubuntu>.
[   17.861707] systemd[1]: Initializing machine ID from random generator.
[   17.864553] systemd[1]: Installed transient /etc/machine-id file.
[   19.272364] systemd[1]: Listening on Device-mapper event daemon FIFOs.
[[0;32m  OK  [0m] Listening on Device-mapper event daemon FIFOs.
[   19.278021] systemd[1]: Listening on fsck to fsckd communication Socket.
[[0;32m  OK  [0m] Listening on fsck to fsckd communication Socket.
[   19.283098] systemd[1]: Listening on LVM2 poll daemon socket.
[[0;32m  OK  [0m] Listening on LVM2 poll daemon socket.
[   19.287667] systemd[1]: Listening on Journal Socket.
[[0;32m  OK  [0m] Listening on Journal Socket.
[   19.291460] systemd[1]: Listening on udev Kernel Socket.
[[0;32m  OK  [0m] Listening on udev Kernel Socket.
[   19.295797] systemd[1]: Set up automount Arbitrary Executable File Formats File System Automount Point.
[[0;32m  OK  [0m] Set up automount Arbitrary Executab...ats File System Automount Point.
[   19.302486] systemd[1]: Listening on Journal Audit Socket.
[[0;32m  OK  [0m] Listening on Journal Audit Socket.
[   19.307230] systemd[1]: Listening on /dev/initctl Compatibility Named Pipe.
[[0;32m  OK  [0m] Listening on /dev/initctl Compatibility Named Pipe.
[   19.312347] systemd[1]: Reached target Swap.
[[0;32m  OK  [0m] Reached target Swap.
[   19.315540] systemd[1]: Listening on LVM2 metadata daemon socket.
[[0;32m  OK  [0m] Listening on LVM2 metadata daemon socket.
[   19.320153] systemd[1]: Reached target System Time Synchronized.
[[0;32m  OK  [0m] Reached target System Time Synchronized.
[   19.324518] systemd[1]: Started Forward Password Requests to Wall Directory Watch.
[[0;32m  OK  [0m] Started Forward Password Requests to Wall Directory Watch.
[   19.330503] systemd[1]: Created slice System Slice.
[[0;32m  OK  [0m] Created slice System Slice.
[   19.348171] systemd[1]: Starting File System Check on Root Device...
         Starting File System Check on Root Device...
[   19.355818] systemd[1]: Starting Uncomplicated firewall...
         Starting Uncomplicated firewall...
[   19.424046] systemd[1]: Starting Monitoring of LVM2 mirrors, snapshots etc. using dmeventd or progress polling...
         Starting Monitoring of LVM2 mirrors... dmeventd or progress polling...
[   19.431122] systemd[1]: Created slice User and Session Slice.
[[0;32m  OK  [0m] Created slice User and Session Slice.
[   19.437362] systemd[1]: Starting Set console keymap...
         Starting Set console keymap...
[   19.442144] systemd[1]: Reached target Encrypted Volumes.
[[0;32m  OK  [0m] Reached target Encrypted Volumes.
[   19.448484] systemd[1]: Reached target Slices.
[[0;32m  OK  [0m] Reached target Slices.
[   19.453986] systemd[1]: Mounting Debug File System...
         Mounting Debug File System...
[   19.458664] systemd[1]: Listening on udev Control Socket.
[[0;32m  OK  [0m] Listening on udev Control Socket.
[   19.464927] systemd[1]: Created slice system-serial\x2dgetty.slice.
[[0;32m  OK  [0m] Created slice system-serial\x2dgetty.slice.
[   19.471768] systemd[1]: Started Trigger resolvconf update for networkd DNS.
[[0;32m  OK  [0m] Started Trigger resolvconf update for networkd DNS.
[   19.479776] systemd[1]: Listening on Journal Socket (/dev/log).
[[0;32m  OK  [0m] Listening on Journal Socket (/dev/log).
[   19.485247] systemd[1]: Reached target User and Group Name Lookups.
[[0;32m  OK  [0m] Reached target User and Group Name Lookups.
[   19.503582] systemd[1]: Mounting Huge Pages File System...
         Mounting Huge Pages File System...
[   19.671905] systemd[1]: Starting Load Kernel Modules...
         Starting Load Kernel Modules...
[   19.681055] systemd[1]: Starting Create list of required static device nodes for the current kernel...
         Starting Create list of required st... nodes for the current kernel...
[   19.690908] systemd[1]: Listening on Syslog Socket.
[[0;32m  OK  [0m] Listening on Syslog Socket.
[   19.695596] systemd[1]: Starting Journal Service...
         Starting Journal Service...
[   19.700875] systemd[1]: Mounting POSIX Message Queue File System...
         Mounting POSIX Message Queue File System...
[   19.707098] systemd[1]: Starting Nameserver information manager...
         Starting Nameserver information manager...
[   19.716050] systemd[1]: Mounted Huge Pages File System.
[[0;32m  OK  [0m] Mounted Huge Pages File System.
[   19.720574] systemd[1]: Mounted POSIX Message Queue File System.
[[0;32m  OK  [0m] Mounted POSIX Message Queue File System.
[   19.726370] systemd[1]: Mounted Debug File System.
[[0;32m  OK  [0m] Mounted Debug File System.
[   19.730971] systemd[1]: Started Uncomplicated firewall.
[[0;32m  OK  [0m] Started Uncomplicated firewall.
[   19.735983] systemd[1]: Started Set console keymap.
[[0;32m  OK  [0m] Started Set console keymap.
[   19.754561] systemd[1]: Started File System Check Daemon to report status.
[[0;32m  OK  [0m] Started File System Check Daemon to report status.
[   19.896054] systemd[1]: Started Nameserver information manager.
[[0;32m  OK  [0m] Started Nameserver information manager.
[   19.998378] systemd[1]: Started File System Check on Root Device.
[[0;32m  OK  [0m] Started File System Check on Root Device.
[   20.005062] systemd[1]: Started Create list of required static device nodes for the current kernel.
[[0;32m  OK  [0m] Started Create list of required sta...ce nodes for the current kernel.
[   20.024237] systemd[1]: Starting Create Static Device Nodes in /dev...
         Starting Create Static Device Nodes in /dev...
[   20.030951] systemd[1]: Starting Remount Root and Kernel File Systems...
         Starting Remount Root and Kernel File Systems...
[   20.165755] EXT4-fs (sda1): re-mounted. Opts: (null)
[   20.170003] systemd[1]: Started Remount Root and Kernel File Systems.
[[0;32m  OK  [0m] Started Remount Root and Kernel File Systems.
[   20.326142] Loading iSCSI transport class v2.0-870.
[   20.355793] systemd[1]: Starting udev Coldplug all Devices...
         Starting udev Coldplug all Devices...
[   20.362487] systemd[1]: Starting Load/Save Random Seed...
         Starting Load/Save Random Seed...
[   20.435548] systemd[1]: Started LVM2 metadata daemon.
[[0;32m  OK  [0m] Started LVM2 metadata daemon.
[   20.678589] iscsi: registered transport (tcp)
[   20.726321] systemd[1]: Started Load/Save Random Seed.
[[0;32m  OK  [0m] Started Load/Save Random Seed.
[   20.754357] systemd[1]: Started Journal Service.
[[0;32m  OK  [0m] Started Journal Service.
         Starting Flush Journal to Persistent Storage...
[[0;32m  OK  [0m] Started udev Coldplug all Devices.
[   20.880918] systemd-journald[394]: Received request to flush runtime journal from PID 1
[[0;32m  OK  [0m] Started Flush Journal to Persistent Storage.
[   20.931854] iscsi: registered transport (iser)
[[0;32m  OK  [0m] Started Load Kernel Modules.
         Mounting FUSE Control File System...
         Starting Apply Kernel Variables...
[[0;32m  OK  [0m] Mounted FUSE Control File System.
[[0;32m  OK  [0m] Started Monitoring of LVM2 mirrors,...ng dmeventd or progress polling.
[[0;32m  OK  [0m] Started Apply Kernel Variables.
[[0;32m  OK  [0m] Started Create Static Device Nodes in /dev.
[[0;32m  OK  [0m] Reached target Local File Systems (Pre).
[[0;32m  OK  [0m] Reached target Local File Systems.
         Starting Set console font and keymap...
         Starting Tell Plymouth To Write Out Runtime Data...
         Starting Commit a transient machine-id on disk...
         Starting Initial cloud-init job (pre-networking)...
         Starting LSB: AppArmor initialization...
         Starting Create Volatile Files and Directories...
         Starting udev Kernel Device Manager...
[[0;32m  OK  [0m] Started Commit a transient machine-id on disk.
[[0;32m  OK  [0m] Started Create Volatile Files and Directories.
         Starting Update UTMP about System Boot/Shutdown...
[[0;32m  OK  [0m] Started Tell Plymouth To Write Out Runtime Data.
[[0;32m  OK  [0m] Started Update UTMP about System Boot/Shutdown.
[[0;32m  OK  [0m] Started Set console font and keymap.
[[0;32m  OK  [0m] Created slice system-getty.slice.
[[0;32m  OK  [0m] Started udev Kernel Device Manager.
[[0;32m  OK  [0m] Started Dispatch Password Requests to Console Directory Watch.
[[0;32m  OK  [0m] Found device /dev/ttyS0.
[[0;32m  OK  [0m] Listening on Load/Save RF Kill Switch Status /dev/rfkill Watch.
[[0;32m  OK  [0m] Started LSB: AppArmor initialization.
         Starting Load AppArmor profiles managed internally by snapd...
[[0;32m  OK  [0m] Started Load AppArmor profiles managed internally by snapd.
[   34.101884] cloud-init[474]: Cloud-init v. 21.1-19-gbad84ad4-0ubuntu1~16.04.2 running 'init-local' at Sat, 12 Mar 2022 11:56:36 +0000. Up 32.26 seconds.
[[0;32m  OK  [0m] Started Initial cloud-init job (pre-networking).
[[0;32m  OK  [0m] Reached target Network (Pre).
         Starting Raise network interfaces...
[[0;32m  OK  [0m] Started Raise network interfaces.
[[0;32m  OK  [0m] Reached target Network.
         Starting Initial cloud-init job (metadata service crawler)...
[   41.047725] cloud-init[962]: Cloud-init v. 21.1-19-gbad84ad4-0ubuntu1~16.04.2 running 'init' at Sat, 12 Mar 2022 11:56:39 +0000. Up 35.71 seconds.
[   41.053432] cloud-init[962]: ci-info: ++++++++++++++++++++++++++++++++++++++Net device info+++++++++++++++++++++++++++++++++++++++
[   41.058184] cloud-init[962]: ci-info: +--------+-------+----------------------------+---------------+--------+-------------------+
[   41.063837] cloud-init[962]: ci-info: | Device |   Up  |          Address           |      Mask     | Scope  |     Hw-Address    |
[   41.069928] cloud-init[962]: ci-info: +--------+-------+----------------------------+---------------+--------+-------------------+
[   41.075279] cloud-init[962]: ci-info: | enp0s3 |  True |         10.0.2.15          | 255.255.255.0 | global | 02:be:82:6b:cc:1d |
[   41.080707] cloud-init[962]: ci-info: | enp0s3 |  True | fe80::be:82ff:fe6b:cc1d/64 |       .       |  link  | 02:be:82:6b:cc:1d |
[   41.088496] cloud-init[962]: ci-info: | enp0s8 | False |             .              |       .       |   .    | 08:00:27:28:a3:c0 |
[   41.095888] cloud-init[962]: ci-info: |   lo   |  True |         127.0.0.1          |   255.0.0.0   |  host  |         .         |
[   41.103290] cloud-init[962]: ci-info: |   lo   |  True |          ::1/128           |       .       |  host  |         .         |
[   41.109099] cloud-init[962]: ci-info: +--------+-------+----------------------------+---------------+--------+-------------------+
[   41.115850] cloud-init[962]: ci-info: +++++++++++++++++++++++++++Route IPv4 info++++++++++++++++++++++++++++
[   41.129049] cloud-init[962]: ci-info: +-------+-------------+----------+---------------+-----------+-------+
[   41.135977] cloud-init[962]: ci-info: | Route | Destination | Gateway  |    Genmask    | Interface | Flags |
[   41.142973] cloud-init[962]: ci-info: +-------+-------------+----------+---------------+-----------+-------+
[   41.149481] cloud-init[962]: ci-info: |   0   |   0.0.0.0   | 10.0.2.2 |    0.0.0.0    |   enp0s3  |   UG  |
[   41.161176] cloud-init[962]: ci-info: |   1   |   10.0.2.0  | 0.0.0.0  | 255.255.255.0 |   enp0s3  |   U   |
[   41.168333] cloud-init[962]: ci-info: +-------+-------------+----------+---------------+-----------+-------+
[   41.175829] cloud-init[962]: ci-info: +++++++++++++++++++Route IPv6 info+++++++++++++++++++
[   41.180266] cloud-init[962]: ci-info: +-------+-------------+---------+-----------+-------+
[   41.185517] cloud-init[962]: ci-info: | Route | Destination | Gateway | Interface | Flags |
[   41.190583] cloud-init[962]: ci-info: +-------+-------------+---------+-----------+-------+
[   41.195733] cloud-init[962]: ci-info: |   0   |  fe80::/64  |    ::   |   enp0s3  |   U   |
[   41.201795] cloud-init[962]: ci-info: |   3   |   ff00::/8  |    ::   |   enp0s3  |   U   |
[   41.208332] cloud-init[962]: ci-info: +-------+-------------+---------+-----------+-------+
[   41.221431] cloud-init[962]: Generating public/private rsa key pair.
[   41.226486] cloud-init[962]: Your identification has been saved in /etc/ssh/ssh_host_rsa_key.
[   41.231692] cloud-init[962]: Your public key has been saved in /etc/ssh/ssh_host_rsa_key.pub.
[   41.235433] cloud-init[962]: The key fingerprint is:
[   41.238010] cloud-init[962]: SHA256:xVXLGS9PrBpvG4NO2gKYhK/01eQGeNBWw2Nec4o+AFs root@ubuntu-xenial
[   41.243202] cloud-init[962]: The key's randomart image is:
[   41.246815] cloud-init[962]: +---[RSA 2048]----+
[   41.249724] cloud-init[962]: |       . oo ..o  |
[   41.252747] cloud-init[962]: |      o E.+oo..* |
[   41.255569] cloud-init[962]: |     . B oo+ += +|
[   41.258479] cloud-init[962]: |    . + +.+ .  = |
[   41.261385] cloud-init[962]: |     o +SB  . . .|
[   41.263657] cloud-init[962]: |    . + o *  =   |
[   41.266410] cloud-init[962]: |   . o . o .+ =  |
[   41.269495] cloud-init[962]: |    . .   .= . + |
[   41.273023] cloud-init[962]: |          ..o .  |
[   41.276527] cloud-init[962]: +----[SHA256]-----+
[   41.279656] cloud-init[962]: Generating public/private dsa key pair.
[   41.283475] cloud-init[962]: Your identification has been saved in /etc/ssh/ssh_host_dsa_key.
[   41.288581] cloud-init[962]: Your public key has been saved in /etc/ssh/ssh_host_dsa_key.pub.
[   41.292939] cloud-init[962]: The key fingerprint is:
[   41.301111] cloud-init[962]: SHA256:nnyyQGy0+ZIP0rVp9EYM8qX+zP4SEH00ifWTdPPN5dY root@ubuntu-xenial
[   41.313180] cloud-init[962]: The key's randomart image is:
[   41.313749] cloud-init[962]: +---[DSA 1024]----+
[   41.317666] cloud-init[962]: |         . ++...o|
[[0;32m  OK  [0m] Started Initial cloud-init job (metadata service crawler).
[   41.318544] cloud-init[962]: |        . o o+ =*|
[[   41.319508] cloud-init[962]: |      o ....  + E|
[   41.328521] cloud-init[962]: |     o =.=     o |
[   41.331839] cloud-init[962]: |      * S.o      |
[0;32m  OK  [0m] Reached target System Initialization.
[[0;32m  OK  [0m] Listening on UUID daemon activation socket.
[   41.333283] cloud-init[962]: |     + O *.      |
[   41.348426] cloud-init[962]: |    . * @ +.     |
[   41.357267] cloud-init[962]: |     . * O.      |
[   41.360877] cloud-init[962]: |        o.=o.    |
[   41.364765] cloud-init[962]: +----[SHA256]-----+
[   41.368606] cloud-init[962]: Generating public/private ecdsa key pair.
[   41.373398] cloud-init[962]: Your identification has been saved in /etc/ssh/ssh_host_ecdsa_key.
[   41.379145] cloud-init[962]: Your public key has been saved in /etc/ssh/ssh_host_ecdsa_key.pub.
[   41.385407] cloud-init[962]: The key fingerprint is:
[   41.389932] cloud-init[962]: SHA256:JufJuFHdzMf+QmJKZ+TwBkpZ7cu7QEUxqEeDNCs1Gj4 root@ubuntu-xenial
[   41.395618] cloud-init[962]: The key's randomart image is:
[   41.400336] cloud-init[962]: +---[ECDSA 256]---+
[   41.409018] cloud-init[962]: |      ..=. o+.   |
[   41.413582] cloud-init[962]: |     . +.+=...   |
[   41.415412] cloud-init[962]: |      E .= o.    |
[   41.417351] cloud-init[962]: |       o+.+=o.   |
[   41.419364] cloud-init[962]: |      ..SooB+.o  |
[   41.421596] cloud-init[962]: |       O.o. @o.  |
[   41.424782] cloud-init[962]: |      o +..* +.  |
[   41.427356] cloud-init[962]: |       o  ... .. |
[   41.429838] cloud-init[962]: |      .     .. ..|
[   41.432374] cloud-init[962]: +----[SHA256]-----+
[   41.434918] cloud-init[962]: Generating public/private ed25519 key pair.
[   41.438828] cloud-init[962]: Your identification has been saved in /etc/ssh/ssh_host_ed25519_key.
         Starting LXD - unix socket.
[[0;32m  OK  [0m] Started Message of the Day.
[   41.450312] cloud-init[962]: Your public key has been saved in /etc/ssh/ssh_host_ed25519_key.pub.
[   41.471050] cloud-init[962]: The key fingerprint is:
[   41.476549] cloud-init[962]: SHA256:gOMhekcL09MLXOETcwVz3ozNQAALTLJMslPgAwRngbQ root@ubuntu-xenial
[[0;32m  OK  [0m] Started ACPI Events Check.
[[0;32m  OK  [0m] Reached target Paths.
[   41.496274] cloud-init[962]: The key's randomart image is:
[   41.508804] cloud-init[962]: +--[ED25519 256]--+
[   41.509079] cloud-init[962]: |O=B+o *o===      |
[   41.509806] cloud-init[962]: |+O.=.* = + B     |
[   41.511082] cloud-init[962]: |oE* X *   o =    |
         Starting Socket activation for snappy daemon.
[   41.512256] cloud-init[962]: | o.* * +         |
[   41.525018] cloud-init[962]: |. . + . S        |
[   41.525525] cloud-init[962]: | . .             |
[   41.526150] cloud-init[962]: |                 |
[   41.526561] cloud-init[962]: [[0;32m  OK  [0m] Started Daily Cleanup of Temporary Directories.
[[0;32m  OK  [0m] Started Daily apt download activities.
[[0;32m  OK  [0m] Started Daily apt upgrade and clean activities.
[[0;32m  OK  [0m] Started Ubuntu Advantage update messaging.
[[0;32m  OK  [0m] Reached target Timers.
[[0;32m  OK  [0m] Listening on ACPID Listen Socket.
[[0;32m  OK  [0m] Listening on D-Bus System Message Bus Socket.
[[0;32m  OK  [0m] Reached target Network is Online.
|                 |
[   41.549396] cloud-init[962]: |                 |
[   41.553224] cloud-init[962]: +----[SHA256]-----+
         Starting iSCSI initiator daemon (iscsid)...
[[0;32m  OK  [0m] Reached target Cloud-config availability.
[[0;32m  OK  [0m] Listening on LXD - unix socket.
[[0;32m  OK  [0m] Listening on Socket activation for snappy daemon.
[[0;32m  OK  [0m] Reached target Sockets.
[[0;32m  OK  [0m] Reached target Basic System.
         Starting Login Service...
         Starting LSB: MD monitoring daemon...
         Starting LSB: Record successful boot for GRUB...
[[0;32m  OK  [0m] Started D-Bus System Message Bus.
         Starting Accounts Service...
[[0;32m  OK  [0m] Started Regular background program processing daemon.
[[0;32m  OK  [0m] Started ACPI event daemon.
         Starting LXD - container startup/shutdown...
         Starting Virtualbox guest utils...
         Starting /etc/rc.local Compatibility...
[[0;32m  OK  [0m] Started FUSE filesystem for LXC.
         Starting Pollinate to seed the pseudo random number generator...
[[0;32m  OK  [0m] Started Deferred execution scheduler.
         Starting Snap Daemon...
         Starting System Logging Service...
[[0;32m  OK  [0m] Started /etc/rc.local Compatibility.
[[0;32m  OK  [0m] Started Login Service.
[[0;32m  OK  [0m] Started Unattended Upgrades Shutdown.
[[0;32m  OK  [0m] Started iSCSI initiator daemon (iscsid).
         Starting Login to default iSCSI targets...
[[0;32m  OK  [0m] Started LSB: Record successful boot for GRUB.
[[0;32m  OK  [0m] Started LSB: MD monitoring daemon.
[[0;32m  OK  [0m] Started Login to default iSCSI targets.
[[0;32m  OK  [0m] Reached target Remote File Systems (Pre).
[[0;32m  OK  [0m] Reached target Remote File Systems.
         Starting LSB: Set the CPU Frequency Scaling governor to "ondemand"...
         Starting Permit User Sessions...
         Starting LSB: daemon to balance interrupts for SMP systems...
         Starting LSB: automatic crash report generation...
[[0;32m  OK  [0m] Started LSB: Set the CPU Frequency Scaling governor to "ondemand".
[[0;32m  OK  [0m] Started Permit User Sessions.
         Starting Hold until boot process finishes up...
         Starting Terminate Plymouth Boot Screen...
[[0;32m  OK  [0m] Started Hold until boot process finishes up.
[[0;32m  OK  [0m] Started Terminate Plymouth Boot Screen.
         Starting Set console scheme...
[[0;32m  OK  [0m] Started Getty on tty1.
[[0;32m  OK  [0m] Started Serial Getty on ttyS0.
[[0;32m  OK  [0m] Reached target Login Prompts.
[[0;32m  OK  [0m] Started Set console scheme.
[[0;32m  OK  [0m] Started LSB: automatic crash report generation.
[[0;32m  OK  [0m] Started System Logging Service.
[[0;32m  OK  [0m] Started LSB: daemon to balance interrupts for SMP systems.
[[0;32m  OK  [0m] Started Virtualbox guest utils.
         Starting Authenticate and Authorize Users to Run Privileged Tasks...
[[0;32m  OK  [0m] Started Authenticate and Authorize Users to Run Privileged Tasks.
[[0;32m  OK  [0m] Started Accounts Service.

Ubuntu 16.04.7 LTS ubuntu-xenial ttyS0

ubuntu-xenial login: [   69.628248] cloud-init[1518]: Generating locales (this might take a while)...
[   74.185048] cloud-init[1518]:   en_US.UTF-8... done
[   74.186793] cloud-init[1518]: Generation complete.
[   82.075287] cloud-init[1518]: Cloud-init v. 21.1-19-gbad84ad4-0ubuntu1~16.04.2 running 'modules:config' at Sat, 12 Mar 2022 11:57:11 +0000. Up 67.74 seconds.
ci-info: no authorized SSH keys fingerprints found for user ubuntu.
<14>Mar 12 11:57:28 ec2: 
<14>Mar 12 11:57:28 ec2: #############################################################
<14>Mar 12 11:57:28 ec2: -----BEGIN SSH HOST KEY FINGERPRINTS-----
<14>Mar 12 11:57:28 ec2: 1024 SHA256:nnyyQGy0+ZIP0rVp9EYM8qX+zP4SEH00ifWTdPPN5dY root@ubuntu-xenial (DSA)
<14>Mar 12 11:57:28 ec2: 256 SHA256:JufJuFHdzMf+QmJKZ+TwBkpZ7cu7QEUxqEeDNCs1Gj4 root@ubuntu-xenial (ECDSA)
<14>Mar 12 11:57:28 ec2: 256 SHA256:gOMhekcL09MLXOETcwVz3ozNQAALTLJMslPgAwRngbQ root@ubuntu-xenial (ED25519)
<14>Mar 12 11:57:28 ec2: 2048 SHA256:xVXLGS9PrBpvG4NO2gKYhK/01eQGeNBWw2Nec4o+AFs root@ubuntu-xenial (RSA)
<14>Mar 12 11:57:28 ec2: -----END SSH HOST KEY FINGERPRINTS-----
<14>Mar 12 11:57:28 ec2: #############################################################
-----BEGIN SSH HOST KEY KEYS-----
ecdsa-sha2-nistp256 AAAAE2VjZHNhLXNoYTItbmlzdHAyNTYAAAAIbmlzdHAyNTYAAABBBJsBpGoUHIzJmu0m8UrBEmdBxsnR2/GqKu8rkoPOdDslasIy52aKpH6JLGPMl36Ev1z4AwGV3wrQQp187/gNHPI= root@ubuntu-xenial
ssh-ed25519 AAAAC3NzaC1lZDI1NTE5AAAAICdsGC6T+j6DSmKQMKecmzZ9BotPwBYesfo5JWtZ0KsQ root@ubuntu-xenial
ssh-rsa AAAAB3NzaC1yc2EAAAADAQABAAABAQDNEJ5Sp9M3Cm1yXiRIsNEwy9ixRu3NtByeuHvJuQRdHqHn7nWD3+5/gbvtAFf7dnOSuWnaDCc0AqP+AypIOgaUrR0vWHyG0mMW0v4MjPTP/hPUJkA+U8W3i4ddeZhKy+PGJuIjq95BOOFtMOPATbWk2lRwuo6ZDvf/jPBBzxjVWng+AC08XVf1uYxle0IXfeztmQbaXncwgzlxPtK2VXJeroEqZR4VZj8VgRnDsqGaAfnqVG0tiHmtAJaLxnV/ILwgiUEImL16A4VU1NqMCftXwhMdpnEzkLVPE8wY0HiezZOtS/tX+OiWvt11lq0TBQbhaAgHADrfOU380CXGWsSx root@ubuntu-xenial
-----END SSH HOST KEY KEYS-----
[   84.102183] cloud-init[1949]: Cloud-init v. 21.1-19-gbad84ad4-0ubuntu1~16.04.2 running 'modules:final' at Sat, 12 Mar 2022 11:57:27 +0000. Up 82.83 seconds.
[   84.104414] cloud-init[1949]: ci-info: no authorized SSH keys fingerprints found for user ubuntu.
[   84.105351] cloud-init[1949]: Cloud-init v. 21.1-19-gbad84ad4-0ubuntu1~16.04.2 finished at Sat, 12 Mar 2022 11:57:28 +0000. Datasource DataSourceNoCloud [seed=/dev/sdb][dsmode=net].  Up 84.08 seconds
